00:10:38.467 [SpringContextShutdownHook] INFO  o.q.c.QuartzScheduler - [standby,585] - Scheduler quartzScheduler_$_NON_CLUSTERED paused.
00:10:38.774 [SpringContextShutdownHook] INFO  o.q.c.QuartzScheduler - [shutdown,666] - Scheduler quartzScheduler_$_NON_CLUSTERED shutting down.
00:10:38.775 [SpringContextShutdownHook] INFO  o.q.c.QuartzScheduler - [standby,585] - Scheduler quartzScheduler_$_NON_CLUSTERED paused.
00:10:38.776 [SpringContextShutdownHook] INFO  o.q.c.QuartzScheduler - [shutdown,740] - Scheduler quartzScheduler_$_NON_CLUSTERED shutdown complete.
00:10:38.787 [SpringContextShutdownHook] INFO  c.a.d.p.DruidDataSource - [close,2032] - {dataSource-1} closing ...
00:10:38.790 [SpringContextShutdownHook] INFO  c.a.d.p.DruidDataSource - [close,2104] - {dataSource-1} closed
11:14:44.965 [background-preinit] INFO  o.h.v.i.util.Version - [<clinit>,21] - HV000001: Hibernate Validator 6.1.6.Final
11:14:45.000 [restartedMain] INFO  c.r.c.CinemaManagerApplication - [logStarting,55] - Starting CinemaManagerApplication using Java 1.8.0_312 on LAPTOP-95OATB1R with PID 3216 (D:\HuaweiMoveData\Users\chen'j'h\Desktop\CinemaManager\CinemaManagerApi - idea\target\classes started by chen'j'h in D:\HuaweiMoveData\Users\chen'j'h\Desktop\CinemaManager\CinemaManagerApi - idea)
11:14:45.001 [restartedMain] INFO  c.r.c.CinemaManagerApplication - [logStartupProfileInfo,660] - No active profile set, falling back to default profiles: default
11:14:47.523 [restartedMain] INFO  o.a.c.h.Http11NioProtocol - [log,173] - Initializing ProtocolHandler ["http-nio-9231"]
11:14:47.524 [restartedMain] INFO  o.a.c.c.StandardService - [log,173] - Starting service [Tomcat]
11:14:47.524 [restartedMain] INFO  o.a.c.c.StandardEngine - [log,173] - Starting Servlet engine: [Apache Tomcat/9.0.39]
11:14:47.608 [restartedMain] INFO  o.a.c.c.C.[.[.[/] - [log,173] - Initializing Spring embedded WebApplicationContext
11:14:47.839 [restartedMain] INFO  c.a.d.p.DruidDataSource - [close,2032] - {dataSource-0} closing ...
11:14:47.842 [restartedMain] INFO  o.a.c.c.StandardService - [log,173] - Stopping service [Tomcat]
17:03:28.770 [background-preinit] INFO  o.h.v.i.util.Version - [<clinit>,21] - HV000001: Hibernate Validator 6.1.6.Final
17:03:28.796 [restartedMain] INFO  c.r.c.CinemaManagerApplication - [logStarting,55] - Starting CinemaManagerApplication using Java 1.8.0_312 on LAPTOP-95OATB1R with PID 32984 (D:\HuaweiMoveData\Users\chen'j'h\Desktop\CinemaManager\CinemaManagerApi - idea\target\classes started by chen'j'h in D:\HuaweiMoveData\Users\chen'j'h\Desktop\CinemaManager\CinemaManagerApi - idea)
17:03:28.798 [restartedMain] INFO  c.r.c.CinemaManagerApplication - [logStartupProfileInfo,660] - No active profile set, falling back to default profiles: default
17:03:31.205 [restartedMain] INFO  o.a.c.h.Http11NioProtocol - [log,173] - Initializing ProtocolHandler ["http-nio-9231"]
17:03:31.206 [restartedMain] INFO  o.a.c.c.StandardService - [log,173] - Starting service [Tomcat]
17:03:31.206 [restartedMain] INFO  o.a.c.c.StandardEngine - [log,173] - Starting Servlet engine: [Apache Tomcat/9.0.39]
17:03:31.304 [restartedMain] INFO  o.a.c.c.C.[.[.[/] - [log,173] - Initializing Spring embedded WebApplicationContext
17:03:31.673 [restartedMain] INFO  c.a.d.p.DruidDataSource - [init,985] - {dataSource-1} inited
17:03:32.714 [restartedMain] INFO  o.q.i.StdSchedulerFactory - [instantiate,1220] - Using default implementation for ThreadExecutor
17:03:32.723 [restartedMain] INFO  o.q.c.SchedulerSignalerImpl - [<init>,61] - Initialized Scheduler Signaller of type: class org.quartz.core.SchedulerSignalerImpl
17:03:32.723 [restartedMain] INFO  o.q.c.QuartzScheduler - [<init>,229] - Quartz Scheduler v.2.3.2 created.
17:03:32.724 [restartedMain] INFO  o.q.s.RAMJobStore - [initialize,155] - RAMJobStore initialized.
17:03:32.725 [restartedMain] INFO  o.q.c.QuartzScheduler - [initialize,294] - Scheduler meta-data: Quartz Scheduler (v2.3.2) 'quartzScheduler' with instanceId 'NON_CLUSTERED'
  Scheduler class: 'org.quartz.core.QuartzScheduler' - running locally.
  NOT STARTED.
  Currently in standby mode.
  Number of jobs executed: 0
  Using thread pool 'org.quartz.simpl.SimpleThreadPool' - with 10 threads.
  Using job-store 'org.quartz.simpl.RAMJobStore' - which does not support persistence. and is not clustered.

17:03:32.725 [restartedMain] INFO  o.q.i.StdSchedulerFactory - [instantiate,1374] - Quartz scheduler 'quartzScheduler' initialized from an externally provided properties instance.
17:03:32.726 [restartedMain] INFO  o.q.i.StdSchedulerFactory - [instantiate,1378] - Quartz scheduler version: 2.3.2
17:03:32.726 [restartedMain] INFO  o.q.c.QuartzScheduler - [setJobFactory,2293] - JobFactory set to: org.springframework.scheduling.quartz.SpringBeanJobFactory@27917494
17:03:32.827 [restartedMain] INFO  o.a.c.h.Http11NioProtocol - [log,173] - Starting ProtocolHandler ["http-nio-9231"]
17:03:32.855 [restartedMain] INFO  o.q.c.QuartzScheduler - [start,547] - Scheduler quartzScheduler_$_NON_CLUSTERED started.
17:03:32.866 [restartedMain] INFO  c.r.c.CinemaManagerApplication - [logStarted,61] - Started CinemaManagerApplication in 4.734 seconds (JVM running for 6.044)
17:05:20.771 [http-nio-9231-exec-1] INFO  o.a.c.c.C.[.[.[/] - [log,173] - Initializing Spring DispatcherServlet 'dispatcherServlet'
17:05:26.841 [http-nio-9231-exec-6] INFO  c.r.c.c.u.JwtUtil - [verify,39] - 登录验证成功!
18:08:29.905 [http-nio-9231-exec-9] INFO  c.r.c.c.u.JwtUtil - [verify,39] - 登录验证成功!
18:08:30.582 [http-nio-9231-exec-1] INFO  c.r.c.c.u.JwtUtil - [verify,39] - 登录验证成功!
18:08:30.703 [http-nio-9231-exec-7] INFO  c.r.c.c.u.JwtUtil - [verify,39] - 登录验证成功!
19:07:44.850 [http-nio-9231-exec-1] INFO  c.r.c.c.u.JwtUtil - [verify,39] - 登录验证成功!
19:07:47.602 [http-nio-9231-exec-2] INFO  c.r.c.c.u.JwtUtil - [verify,39] - 登录验证成功!
19:07:47.611 [http-nio-9231-exec-4] INFO  c.r.c.c.u.JwtUtil - [verify,39] - 登录验证成功!
19:18:44.539 [http-nio-9231-exec-7] INFO  c.r.c.c.u.JwtUtil - [verify,39] - 登录验证成功!
19:39:31.649 [http-nio-9231-exec-7] INFO  c.r.c.c.u.JwtUtil - [verify,39] - 登录验证成功!
19:39:38.445 [http-nio-9231-exec-6] INFO  c.r.c.c.u.JwtUtil - [verify,39] - 登录验证成功!
19:39:38.947 [http-nio-9231-exec-8] INFO  c.r.c.c.u.JwtUtil - [verify,39] - 登录验证成功!
19:40:02.326 [http-nio-9231-exec-1] INFO  c.r.c.c.u.JwtUtil - [verify,39] - 登录验证成功!
19:40:02.716 [http-nio-9231-exec-4] INFO  c.r.c.c.u.JwtUtil - [verify,39] - 登录验证成功!
19:40:02.721 [http-nio-9231-exec-2] INFO  c.r.c.c.u.JwtUtil - [verify,39] - 登录验证成功!
19:40:08.712 [http-nio-9231-exec-3] INFO  c.r.c.c.u.JwtUtil - [verify,39] - 登录验证成功!
19:40:15.251 [http-nio-9231-exec-10] INFO  c.r.c.c.u.JwtUtil - [verify,39] - 登录验证成功!
19:40:15.320 [http-nio-9231-exec-9] INFO  c.r.c.c.u.JwtUtil - [verify,39] - 登录验证成功!
19:40:16.995 [http-nio-9231-exec-4] INFO  c.r.c.c.u.JwtUtil - [verify,39] - 登录验证成功!
19:40:18.843 [http-nio-9231-exec-3] INFO  c.r.c.c.u.JwtUtil - [verify,39] - 登录验证成功!
19:40:23.587 [http-nio-9231-exec-10] INFO  c.r.c.c.u.JwtUtil - [verify,39] - 登录验证成功!
19:40:23.645 [http-nio-9231-exec-9] INFO  c.r.c.c.u.JwtUtil - [verify,39] - 登录验证成功!
19:40:25.341 [http-nio-9231-exec-4] INFO  c.r.c.c.u.JwtUtil - [verify,39] - 登录验证成功!
19:40:30.770 [http-nio-9231-exec-1] INFO  c.r.c.c.u.JwtUtil - [verify,39] - 登录验证成功!
19:40:30.816 [http-nio-9231-exec-10] INFO  c.r.c.c.u.JwtUtil - [verify,39] - 登录验证成功!
19:40:33.314 [http-nio-9231-exec-9] INFO  c.r.c.c.u.JwtUtil - [verify,39] - 登录验证成功!
19:40:39.364 [http-nio-9231-exec-4] INFO  c.r.c.c.u.JwtUtil - [verify,39] - 登录验证成功!
19:40:39.391 [http-nio-9231-exec-3] INFO  c.r.c.c.u.JwtUtil - [verify,39] - 登录验证成功!
19:41:20.404 [http-nio-9231-exec-7] INFO  c.r.c.c.u.JwtUtil - [verify,39] - 登录验证成功!
19:41:20.427 [http-nio-9231-exec-10] INFO  c.r.c.c.u.JwtUtil - [verify,39] - 登录验证成功!
19:41:20.473 [http-nio-9231-exec-5] INFO  c.r.c.c.u.JwtUtil - [verify,39] - 登录验证成功!
19:41:25.231 [http-nio-9231-exec-8] INFO  c.r.c.c.u.JwtUtil - [verify,39] - 登录验证成功!
19:41:30.599 [http-nio-9231-exec-2] INFO  c.r.c.c.u.JwtUtil - [verify,39] - 登录验证成功!
19:41:32.705 [http-nio-9231-exec-7] INFO  c.r.c.c.u.JwtUtil - [verify,39] - 登录验证成功!
19:41:36.816 [http-nio-9231-exec-10] INFO  c.r.c.c.u.JwtUtil - [verify,39] - 登录验证成功!
19:41:38.375 [http-nio-9231-exec-5] INFO  c.r.c.c.u.JwtUtil - [verify,39] - 登录验证成功!
19:41:45.436 [http-nio-9231-exec-8] INFO  c.r.c.c.u.JwtUtil - [verify,39] - 登录验证成功!
19:41:45.478 [http-nio-9231-exec-2] INFO  c.r.c.c.u.JwtUtil - [verify,39] - 登录验证成功!
19:41:54.180 [http-nio-9231-exec-10] INFO  c.r.c.c.u.JwtUtil - [verify,39] - 登录验证成功!
19:41:56.440 [http-nio-9231-exec-8] INFO  c.r.c.c.u.JwtUtil - [verify,39] - 登录验证成功!
19:41:56.488 [http-nio-9231-exec-2] INFO  c.r.c.c.u.JwtUtil - [verify,39] - 登录验证成功!
19:46:48.836 [http-nio-9231-exec-3] INFO  c.r.c.c.u.JwtUtil - [verify,39] - 登录验证成功!
19:46:49.941 [http-nio-9231-exec-6] INFO  c.r.c.c.u.JwtUtil - [verify,39] - 登录验证成功!
19:46:54.243 [http-nio-9231-exec-1] INFO  c.r.c.c.u.JwtUtil - [verify,39] - 登录验证成功!
19:46:58.001 [http-nio-9231-exec-2] INFO  c.r.c.c.u.JwtUtil - [verify,39] - 登录验证成功!
19:47:07.652 [http-nio-9231-exec-7] INFO  c.r.c.c.u.JwtUtil - [verify,39] - 登录验证成功!
19:47:41.510 [http-nio-9231-exec-10] INFO  c.r.c.c.u.JwtUtil - [verify,39] - 登录验证成功!
19:47:44.942 [http-nio-9231-exec-5] INFO  c.r.c.c.u.JwtUtil - [verify,39] - 登录验证成功!
19:52:37.113 [http-nio-9231-exec-7] INFO  c.r.c.c.u.JwtUtil - [verify,39] - 登录验证成功!
19:52:37.211 [http-nio-9231-exec-10] INFO  c.r.c.c.u.JwtUtil - [verify,39] - 登录验证成功!
20:33:24.437 [http-nio-9231-exec-8] INFO  c.r.c.c.u.JwtUtil - [verify,39] - 登录验证成功!
20:33:38.795 [http-nio-9231-exec-1] INFO  c.r.c.c.u.JwtUtil - [verify,39] - 登录验证成功!
20:33:38.878 [http-nio-9231-exec-9] INFO  c.r.c.c.u.JwtUtil - [verify,39] - 登录验证成功!
20:37:27.446 [http-nio-9231-exec-3] INFO  c.r.c.c.u.JwtUtil - [verify,39] - 登录验证成功!
20:37:32.227 [http-nio-9231-exec-10] INFO  c.r.c.c.u.JwtUtil - [verify,39] - 登录验证成功!
20:37:37.337 [http-nio-9231-exec-8] INFO  c.r.c.c.u.JwtUtil - [verify,39] - 登录验证成功!
20:37:38.493 [http-nio-9231-exec-4] INFO  c.r.c.c.u.JwtUtil - [verify,39] - 登录验证成功!
21:02:56.874 [http-nio-9231-exec-8] INFO  c.r.c.c.u.JwtUtil - [verify,39] - 登录验证成功!
21:02:56.950 [http-nio-9231-exec-4] INFO  c.r.c.c.u.JwtUtil - [verify,39] - 登录验证成功!
21:02:59.558 [http-nio-9231-exec-7] INFO  c.r.c.c.u.JwtUtil - [verify,39] - 登录验证成功!
21:05:03.235 [SpringContextShutdownHook] INFO  o.q.c.QuartzScheduler - [standby,585] - Scheduler quartzScheduler_$_NON_CLUSTERED paused.
21:05:03.482 [SpringContextShutdownHook] INFO  o.q.c.QuartzScheduler - [shutdown,666] - Scheduler quartzScheduler_$_NON_CLUSTERED shutting down.
21:05:03.482 [SpringContextShutdownHook] INFO  o.q.c.QuartzScheduler - [standby,585] - Scheduler quartzScheduler_$_NON_CLUSTERED paused.
21:05:03.483 [SpringContextShutdownHook] INFO  o.q.c.QuartzScheduler - [shutdown,740] - Scheduler quartzScheduler_$_NON_CLUSTERED shutdown complete.
21:05:03.494 [SpringContextShutdownHook] INFO  c.a.d.p.DruidDataSource - [close,2032] - {dataSource-1} closing ...
21:05:03.501 [SpringContextShutdownHook] INFO  c.a.d.p.DruidDataSource - [close,2104] - {dataSource-1} closed
21:05:09.647 [background-preinit] INFO  o.h.v.i.util.Version - [<clinit>,21] - HV000001: Hibernate Validator 6.1.6.Final
21:05:09.676 [restartedMain] INFO  c.r.c.CinemaManagerApplication - [logStarting,55] - Starting CinemaManagerApplication using Java 1.8.0_312 on LAPTOP-95OATB1R with PID 12240 (D:\HuaweiMoveData\Users\chen'j'h\Desktop\CinemaManager\CinemaManagerApi - idea\target\classes started by chen'j'h in D:\HuaweiMoveData\Users\chen'j'h\Desktop\CinemaManager\CinemaManagerApi - idea)
21:05:09.677 [restartedMain] INFO  c.r.c.CinemaManagerApplication - [logStartupProfileInfo,660] - No active profile set, falling back to default profiles: default
21:05:11.929 [restartedMain] INFO  o.a.c.h.Http11NioProtocol - [log,173] - Initializing ProtocolHandler ["http-nio-9231"]
21:05:11.930 [restartedMain] INFO  o.a.c.c.StandardService - [log,173] - Starting service [Tomcat]
21:05:11.930 [restartedMain] INFO  o.a.c.c.StandardEngine - [log,173] - Starting Servlet engine: [Apache Tomcat/9.0.39]
21:05:12.018 [restartedMain] INFO  o.a.c.c.C.[.[.[/] - [log,173] - Initializing Spring embedded WebApplicationContext
21:05:12.689 [restartedMain] INFO  c.a.d.p.DruidDataSource - [init,985] - {dataSource-1} inited
21:05:14.086 [restartedMain] INFO  o.q.i.StdSchedulerFactory - [instantiate,1220] - Using default implementation for ThreadExecutor
21:05:14.099 [restartedMain] INFO  o.q.c.SchedulerSignalerImpl - [<init>,61] - Initialized Scheduler Signaller of type: class org.quartz.core.SchedulerSignalerImpl
21:05:14.099 [restartedMain] INFO  o.q.c.QuartzScheduler - [<init>,229] - Quartz Scheduler v.2.3.2 created.
21:05:14.100 [restartedMain] INFO  o.q.s.RAMJobStore - [initialize,155] - RAMJobStore initialized.
21:05:14.101 [restartedMain] INFO  o.q.c.QuartzScheduler - [initialize,294] - Scheduler meta-data: Quartz Scheduler (v2.3.2) 'quartzScheduler' with instanceId 'NON_CLUSTERED'
  Scheduler class: 'org.quartz.core.QuartzScheduler' - running locally.
  NOT STARTED.
  Currently in standby mode.
  Number of jobs executed: 0
  Using thread pool 'org.quartz.simpl.SimpleThreadPool' - with 10 threads.
  Using job-store 'org.quartz.simpl.RAMJobStore' - which does not support persistence. and is not clustered.

21:05:14.101 [restartedMain] INFO  o.q.i.StdSchedulerFactory - [instantiate,1374] - Quartz scheduler 'quartzScheduler' initialized from an externally provided properties instance.
21:05:14.101 [restartedMain] INFO  o.q.i.StdSchedulerFactory - [instantiate,1378] - Quartz scheduler version: 2.3.2
21:05:14.101 [restartedMain] INFO  o.q.c.QuartzScheduler - [setJobFactory,2293] - JobFactory set to: org.springframework.scheduling.quartz.SpringBeanJobFactory@50d35582
21:05:14.191 [restartedMain] INFO  o.a.c.h.Http11NioProtocol - [log,173] - Starting ProtocolHandler ["http-nio-9231"]
21:05:14.225 [restartedMain] INFO  o.q.c.QuartzScheduler - [start,547] - Scheduler quartzScheduler_$_NON_CLUSTERED started.
21:05:14.237 [restartedMain] INFO  c.r.c.CinemaManagerApplication - [logStarted,61] - Started CinemaManagerApplication in 5.249 seconds (JVM running for 6.359)
21:08:58.745 [http-nio-9231-exec-1] INFO  o.a.c.c.C.[.[.[/] - [log,173] - Initializing Spring DispatcherServlet 'dispatcherServlet'
21:08:58.888 [http-nio-9231-exec-2] INFO  c.r.c.c.u.JwtUtil - [verify,39] - 登录验证成功!
21:09:00.067 [http-nio-9231-exec-4] INFO  c.r.c.c.u.JwtUtil - [verify,39] - 登录验证成功!
21:09:42.795 [http-nio-9231-exec-6] INFO  c.r.c.c.u.JwtUtil - [verify,39] - 登录验证成功!
21:09:45.396 [http-nio-9231-exec-1] INFO  c.r.c.c.u.JwtUtil - [verify,39] - 登录验证成功!
21:09:45.512 [http-nio-9231-exec-3] INFO  c.r.c.c.u.JwtUtil - [verify,39] - 登录验证成功!
21:09:47.235 [http-nio-9231-exec-4] INFO  c.r.c.c.u.JwtUtil - [verify,39] - 登录验证成功!
21:09:48.344 [http-nio-9231-exec-6] INFO  c.r.c.c.u.JwtUtil - [verify,39] - 登录验证成功!
21:10:06.340 [http-nio-9231-exec-10] INFO  c.r.c.c.u.JwtUtil - [verify,39] - 登录验证成功!
21:10:10.145 [http-nio-9231-exec-2] INFO  c.r.c.c.u.JwtUtil - [verify,39] - 登录验证成功!
21:10:25.079 [http-nio-9231-exec-5] INFO  c.r.c.c.u.JwtUtil - [verify,39] - 登录验证成功!
21:10:25.197 [http-nio-9231-exec-7] INFO  c.r.c.c.u.JwtUtil - [verify,39] - 登录验证成功!
21:10:27.835 [http-nio-9231-exec-8] INFO  c.r.c.c.u.JwtUtil - [verify,39] - 登录验证成功!
21:10:34.049 [http-nio-9231-exec-10] INFO  c.r.c.c.u.JwtUtil - [verify,39] - 登录验证成功!
21:11:06.753 [http-nio-9231-exec-2] INFO  c.r.c.c.u.JwtUtil - [verify,39] - 登录验证成功!
21:11:12.736 [http-nio-9231-exec-8] INFO  c.r.c.c.u.JwtUtil - [verify,39] - 登录验证成功!
21:12:20.117 [http-nio-9231-exec-5] INFO  c.r.c.c.u.JwtUtil - [verify,39] - 登录验证成功!
21:12:21.848 [http-nio-9231-exec-7] INFO  c.r.c.c.u.JwtUtil - [verify,39] - 登录验证成功!
21:12:25.070 [http-nio-9231-exec-8] INFO  c.r.c.c.u.JwtUtil - [verify,39] - 登录验证成功!
21:32:21.034 [http-nio-9231-exec-2] INFO  c.r.c.c.u.JwtUtil - [verify,39] - 登录验证成功!
21:32:21.037 [http-nio-9231-exec-3] INFO  c.r.c.c.u.JwtUtil - [verify,39] - 登录验证成功!
21:32:26.341 [http-nio-9231-exec-10] INFO  c.r.c.c.u.JwtUtil - [verify,39] - 登录验证成功!
21:32:26.346 [http-nio-9231-exec-9] INFO  c.r.c.c.u.JwtUtil - [verify,39] - 登录验证成功!
21:32:48.590 [http-nio-9231-exec-1] INFO  c.r.c.c.u.JwtUtil - [verify,39] - 登录验证成功!
21:32:48.599 [http-nio-9231-exec-9] INFO  c.r.c.c.u.JwtUtil - [verify,39] - 登录验证成功!
21:32:58.906 [http-nio-9231-exec-6] INFO  c.r.c.c.u.JwtUtil - [verify,39] - 登录验证成功!
21:32:58.989 [http-nio-9231-exec-8] INFO  c.r.c.c.u.JwtUtil - [verify,39] - 登录验证成功!
21:32:58.993 [http-nio-9231-exec-9] INFO  c.r.c.c.u.JwtUtil - [verify,39] - 登录验证成功!
21:33:11.023 [http-nio-9231-exec-10] INFO  c.r.c.c.u.JwtUtil - [verify,39] - 登录验证成功!
21:33:12.338 [http-nio-9231-exec-3] INFO  c.r.c.c.u.JwtUtil - [verify,39] - 登录验证成功!
21:33:48.165 [http-nio-9231-exec-6] INFO  c.r.c.c.u.JwtUtil - [verify,39] - 登录验证成功!
21:33:48.186 [http-nio-9231-exec-7] INFO  c.r.c.c.u.JwtUtil - [verify,39] - 登录验证成功!
21:33:51.512 [http-nio-9231-exec-8] INFO  c.r.c.c.u.JwtUtil - [verify,39] - 登录验证成功!
21:33:51.530 [http-nio-9231-exec-1] INFO  c.r.c.c.u.JwtUtil - [verify,39] - 登录验证成功!
21:33:53.827 [http-nio-9231-exec-4] INFO  c.r.c.c.u.JwtUtil - [verify,39] - 登录验证成功!
21:33:56.126 [http-nio-9231-exec-2] INFO  c.r.c.c.u.JwtUtil - [verify,39] - 登录验证成功!
21:34:01.470 [http-nio-9231-exec-7] INFO  c.r.c.c.u.JwtUtil - [verify,39] - 登录验证成功!
21:34:02.575 [http-nio-9231-exec-8] INFO  c.r.c.c.u.JwtUtil - [verify,39] - 登录验证成功!
21:34:07.022 [http-nio-9231-exec-10] INFO  c.r.c.c.u.JwtUtil - [verify,39] - 登录验证成功!
21:34:07.046 [http-nio-9231-exec-3] INFO  c.r.c.c.u.JwtUtil - [verify,39] - 登录验证成功!
21:34:08.506 [http-nio-9231-exec-6] INFO  c.r.c.c.u.JwtUtil - [verify,39] - 登录验证成功!
21:34:08.520 [http-nio-9231-exec-5] INFO  c.r.c.c.u.JwtUtil - [verify,39] - 登录验证成功!
21:34:10.963 [http-nio-9231-exec-9] INFO  c.r.c.c.u.JwtUtil - [verify,39] - 登录验证成功!
21:34:10.979 [http-nio-9231-exec-8] INFO  c.r.c.c.u.JwtUtil - [verify,39] - 登录验证成功!
21:34:12.873 [http-nio-9231-exec-10] INFO  c.r.c.c.u.JwtUtil - [verify,39] - 登录验证成功!
21:34:12.894 [http-nio-9231-exec-3] INFO  c.r.c.c.u.JwtUtil - [verify,39] - 登录验证成功!
21:34:17.619 [http-nio-9231-exec-7] INFO  c.r.c.c.u.JwtUtil - [verify,39] - 登录验证成功!
21:41:16.644 [http-nio-9231-exec-3] INFO  c.r.c.c.u.JwtUtil - [verify,39] - 登录验证成功!
21:41:29.397 [http-nio-9231-exec-6] INFO  c.r.c.c.u.JwtUtil - [verify,39] - 登录验证成功!
21:41:33.258 [http-nio-9231-exec-8] INFO  c.r.c.c.u.JwtUtil - [verify,39] - 登录验证成功!
21:42:30.314 [http-nio-9231-exec-1] INFO  c.r.c.c.u.JwtUtil - [verify,39] - 登录验证成功!
21:42:50.177 [http-nio-9231-exec-5] INFO  c.r.c.c.u.JwtUtil - [verify,39] - 登录验证成功!
21:42:50.186 [http-nio-9231-exec-6] INFO  c.r.c.c.u.JwtUtil - [verify,39] - 登录验证成功!
21:43:53.296 [http-nio-9231-exec-9] INFO  c.r.c.c.u.JwtUtil - [verify,39] - 登录验证成功!
21:44:05.880 [http-nio-9231-exec-3] INFO  c.r.c.c.u.JwtUtil - [verify,39] - 登录验证成功!
21:48:26.612 [http-nio-9231-exec-6] INFO  c.r.c.c.u.JwtUtil - [verify,39] - 登录验证成功!
21:53:46.311 [http-nio-9231-exec-1] INFO  c.r.c.c.u.JwtUtil - [verify,39] - 登录验证成功!
21:53:46.315 [http-nio-9231-exec-4] INFO  c.r.c.c.u.JwtUtil - [verify,39] - 登录验证成功!
21:53:54.982 [http-nio-9231-exec-5] INFO  c.r.c.c.u.JwtUtil - [verify,39] - 登录验证成功!
21:54:39.614 [http-nio-9231-exec-3] INFO  c.r.c.c.u.JwtUtil - [verify,39] - 登录验证成功!
21:54:39.857 [http-nio-9231-exec-2] INFO  c.r.c.c.u.JwtUtil - [verify,39] - 登录验证成功!
21:54:39.871 [http-nio-9231-exec-8] INFO  c.r.c.c.u.JwtUtil - [verify,39] - 登录验证成功!
21:57:34.071 [http-nio-9231-exec-4] INFO  c.r.c.c.u.JwtUtil - [verify,39] - 登录验证成功!
21:57:51.251 [http-nio-9231-exec-6] INFO  c.r.c.c.u.JwtUtil - [verify,39] - 登录验证成功!
21:57:53.041 [http-nio-9231-exec-2] INFO  c.r.c.c.u.JwtUtil - [verify,39] - 登录验证成功!
21:57:53.058 [http-nio-9231-exec-10] INFO  c.r.c.c.u.JwtUtil - [verify,39] - 登录验证成功!
21:58:03.272 [http-nio-9231-exec-3] INFO  c.r.c.c.u.JwtUtil - [verify,39] - 登录验证成功!
21:58:03.559 [http-nio-9231-exec-8] INFO  c.r.c.c.u.JwtUtil - [verify,39] - 登录验证成功!
21:58:03.572 [http-nio-9231-exec-2] INFO  c.r.c.c.u.JwtUtil - [verify,39] - 登录验证成功!
21:58:13.348 [http-nio-9231-exec-4] INFO  c.r.c.c.u.JwtUtil - [verify,39] - 登录验证成功!
22:00:09.205 [SpringContextShutdownHook] INFO  o.q.c.QuartzScheduler - [standby,585] - Scheduler quartzScheduler_$_NON_CLUSTERED paused.
22:00:09.622 [SpringContextShutdownHook] INFO  o.q.c.QuartzScheduler - [shutdown,666] - Scheduler quartzScheduler_$_NON_CLUSTERED shutting down.
22:00:09.622 [SpringContextShutdownHook] INFO  o.q.c.QuartzScheduler - [standby,585] - Scheduler quartzScheduler_$_NON_CLUSTERED paused.
22:00:09.622 [SpringContextShutdownHook] INFO  o.q.c.QuartzScheduler - [shutdown,740] - Scheduler quartzScheduler_$_NON_CLUSTERED shutdown complete.
22:00:09.629 [SpringContextShutdownHook] INFO  c.a.d.p.DruidDataSource - [close,2032] - {dataSource-1} closing ...
22:00:09.636 [SpringContextShutdownHook] INFO  c.a.d.p.DruidDataSource - [close,2104] - {dataSource-1} closed
22:00:17.333 [background-preinit] INFO  o.h.v.i.util.Version - [<clinit>,21] - HV000001: Hibernate Validator 6.1.6.Final
22:00:17.384 [restartedMain] INFO  c.r.c.CinemaManagerApplication - [logStarting,55] - Starting CinemaManagerApplication using Java 1.8.0_312 on LAPTOP-95OATB1R with PID 10676 (D:\HuaweiMoveData\Users\chen'j'h\Desktop\CinemaManager\CinemaManagerApi - idea\target\classes started by chen'j'h in D:\HuaweiMoveData\Users\chen'j'h\Desktop\CinemaManager\CinemaManagerApi - idea)
22:00:17.387 [restartedMain] INFO  c.r.c.CinemaManagerApplication - [logStartupProfileInfo,660] - No active profile set, falling back to default profiles: default
22:00:20.069 [restartedMain] INFO  o.a.c.h.Http11NioProtocol - [log,173] - Initializing ProtocolHandler ["http-nio-9231"]
22:00:20.070 [restartedMain] INFO  o.a.c.c.StandardService - [log,173] - Starting service [Tomcat]
22:00:20.070 [restartedMain] INFO  o.a.c.c.StandardEngine - [log,173] - Starting Servlet engine: [Apache Tomcat/9.0.39]
22:00:20.157 [restartedMain] INFO  o.a.c.c.C.[.[.[/] - [log,173] - Initializing Spring embedded WebApplicationContext
22:00:20.551 [restartedMain] INFO  c.a.d.p.DruidDataSource - [init,985] - {dataSource-1} inited
22:00:21.656 [restartedMain] INFO  o.q.i.StdSchedulerFactory - [instantiate,1220] - Using default implementation for ThreadExecutor
22:00:21.667 [restartedMain] INFO  o.q.c.SchedulerSignalerImpl - [<init>,61] - Initialized Scheduler Signaller of type: class org.quartz.core.SchedulerSignalerImpl
22:00:21.668 [restartedMain] INFO  o.q.c.QuartzScheduler - [<init>,229] - Quartz Scheduler v.2.3.2 created.
22:00:21.669 [restartedMain] INFO  o.q.s.RAMJobStore - [initialize,155] - RAMJobStore initialized.
22:00:21.670 [restartedMain] INFO  o.q.c.QuartzScheduler - [initialize,294] - Scheduler meta-data: Quartz Scheduler (v2.3.2) 'quartzScheduler' with instanceId 'NON_CLUSTERED'
  Scheduler class: 'org.quartz.core.QuartzScheduler' - running locally.
  NOT STARTED.
  Currently in standby mode.
  Number of jobs executed: 0
  Using thread pool 'org.quartz.simpl.SimpleThreadPool' - with 10 threads.
  Using job-store 'org.quartz.simpl.RAMJobStore' - which does not support persistence. and is not clustered.

22:00:21.671 [restartedMain] INFO  o.q.i.StdSchedulerFactory - [instantiate,1374] - Quartz scheduler 'quartzScheduler' initialized from an externally provided properties instance.
22:00:21.671 [restartedMain] INFO  o.q.i.StdSchedulerFactory - [instantiate,1378] - Quartz scheduler version: 2.3.2
22:00:21.671 [restartedMain] INFO  o.q.c.QuartzScheduler - [setJobFactory,2293] - JobFactory set to: org.springframework.scheduling.quartz.SpringBeanJobFactory@5b57429a
22:00:21.793 [restartedMain] INFO  o.a.c.h.Http11NioProtocol - [log,173] - Starting ProtocolHandler ["http-nio-9231"]
22:00:21.828 [restartedMain] INFO  o.q.c.QuartzScheduler - [start,547] - Scheduler quartzScheduler_$_NON_CLUSTERED started.
22:00:21.842 [restartedMain] INFO  c.r.c.CinemaManagerApplication - [logStarted,61] - Started CinemaManagerApplication in 5.345 seconds (JVM running for 7.036)
22:00:23.314 [http-nio-9231-exec-1] INFO  o.a.c.c.C.[.[.[/] - [log,173] - Initializing Spring DispatcherServlet 'dispatcherServlet'
22:00:23.537 [http-nio-9231-exec-3] INFO  c.r.c.c.u.JwtUtil - [verify,39] - 登录验证成功!
22:00:40.714 [http-nio-9231-exec-4] INFO  c.r.c.c.u.JwtUtil - [verify,39] - 登录验证成功!
22:00:52.358 [http-nio-9231-exec-8] INFO  c.r.c.c.u.JwtUtil - [verify,39] - 登录验证成功!
22:03:32.912 [http-nio-9231-exec-8] INFO  c.r.c.c.u.JwtUtil - [verify,39] - 登录验证成功!
22:06:37.721 [SpringContextShutdownHook] INFO  o.q.c.QuartzScheduler - [standby,585] - Scheduler quartzScheduler_$_NON_CLUSTERED paused.
22:06:38.124 [SpringContextShutdownHook] INFO  o.q.c.QuartzScheduler - [shutdown,666] - Scheduler quartzScheduler_$_NON_CLUSTERED shutting down.
22:06:38.124 [SpringContextShutdownHook] INFO  o.q.c.QuartzScheduler - [standby,585] - Scheduler quartzScheduler_$_NON_CLUSTERED paused.
22:06:38.124 [SpringContextShutdownHook] INFO  o.q.c.QuartzScheduler - [shutdown,740] - Scheduler quartzScheduler_$_NON_CLUSTERED shutdown complete.
22:06:38.128 [SpringContextShutdownHook] INFO  c.a.d.p.DruidDataSource - [close,2032] - {dataSource-1} closing ...
22:06:38.137 [SpringContextShutdownHook] INFO  c.a.d.p.DruidDataSource - [close,2104] - {dataSource-1} closed
22:06:42.829 [background-preinit] INFO  o.h.v.i.util.Version - [<clinit>,21] - HV000001: Hibernate Validator 6.1.6.Final
22:06:42.857 [restartedMain] INFO  c.r.c.CinemaManagerApplication - [logStarting,55] - Starting CinemaManagerApplication using Java 1.8.0_312 on LAPTOP-95OATB1R with PID 34480 (D:\HuaweiMoveData\Users\chen'j'h\Desktop\CinemaManager\CinemaManagerApi - idea\target\classes started by chen'j'h in D:\HuaweiMoveData\Users\chen'j'h\Desktop\CinemaManager\CinemaManagerApi - idea)
22:06:42.858 [restartedMain] INFO  c.r.c.CinemaManagerApplication - [logStartupProfileInfo,660] - No active profile set, falling back to default profiles: default
22:06:45.210 [restartedMain] INFO  o.a.c.h.Http11NioProtocol - [log,173] - Initializing ProtocolHandler ["http-nio-9231"]
22:06:45.211 [restartedMain] INFO  o.a.c.c.StandardService - [log,173] - Starting service [Tomcat]
22:06:45.212 [restartedMain] INFO  o.a.c.c.StandardEngine - [log,173] - Starting Servlet engine: [Apache Tomcat/9.0.39]
22:06:45.314 [restartedMain] INFO  o.a.c.c.C.[.[.[/] - [log,173] - Initializing Spring embedded WebApplicationContext
22:06:45.726 [restartedMain] INFO  c.a.d.p.DruidDataSource - [init,985] - {dataSource-1} inited
22:06:46.756 [restartedMain] INFO  o.q.i.StdSchedulerFactory - [instantiate,1220] - Using default implementation for ThreadExecutor
22:06:46.765 [restartedMain] INFO  o.q.c.SchedulerSignalerImpl - [<init>,61] - Initialized Scheduler Signaller of type: class org.quartz.core.SchedulerSignalerImpl
22:06:46.765 [restartedMain] INFO  o.q.c.QuartzScheduler - [<init>,229] - Quartz Scheduler v.2.3.2 created.
22:06:46.767 [restartedMain] INFO  o.q.s.RAMJobStore - [initialize,155] - RAMJobStore initialized.
22:06:46.768 [restartedMain] INFO  o.q.c.QuartzScheduler - [initialize,294] - Scheduler meta-data: Quartz Scheduler (v2.3.2) 'quartzScheduler' with instanceId 'NON_CLUSTERED'
  Scheduler class: 'org.quartz.core.QuartzScheduler' - running locally.
  NOT STARTED.
  Currently in standby mode.
  Number of jobs executed: 0
  Using thread pool 'org.quartz.simpl.SimpleThreadPool' - with 10 threads.
  Using job-store 'org.quartz.simpl.RAMJobStore' - which does not support persistence. and is not clustered.

22:06:46.768 [restartedMain] INFO  o.q.i.StdSchedulerFactory - [instantiate,1374] - Quartz scheduler 'quartzScheduler' initialized from an externally provided properties instance.
22:06:46.768 [restartedMain] INFO  o.q.i.StdSchedulerFactory - [instantiate,1378] - Quartz scheduler version: 2.3.2
22:06:46.768 [restartedMain] INFO  o.q.c.QuartzScheduler - [setJobFactory,2293] - JobFactory set to: org.springframework.scheduling.quartz.SpringBeanJobFactory@508382e5
22:06:46.861 [restartedMain] INFO  o.a.c.h.Http11NioProtocol - [log,173] - Starting ProtocolHandler ["http-nio-9231"]
22:06:46.889 [restartedMain] INFO  o.q.c.QuartzScheduler - [start,547] - Scheduler quartzScheduler_$_NON_CLUSTERED started.
22:06:46.899 [restartedMain] INFO  c.r.c.CinemaManagerApplication - [logStarted,61] - Started CinemaManagerApplication in 4.728 seconds (JVM running for 6.087)
22:06:52.276 [http-nio-9231-exec-2] INFO  o.a.c.c.C.[.[.[/] - [log,173] - Initializing Spring DispatcherServlet 'dispatcherServlet'
22:06:54.610 [http-nio-9231-exec-5] INFO  c.r.c.c.u.JwtUtil - [verify,39] - 登录验证成功!
22:06:54.855 [http-nio-9231-exec-10] INFO  c.r.c.c.u.JwtUtil - [verify,39] - 登录验证成功!
22:06:54.862 [http-nio-9231-exec-2] INFO  c.r.c.c.u.JwtUtil - [verify,39] - 登录验证成功!
22:07:03.493 [http-nio-9231-exec-3] INFO  c.r.c.c.u.JwtUtil - [verify,39] - 登录验证成功!
22:07:04.678 [http-nio-9231-exec-6] INFO  c.r.c.c.u.JwtUtil - [verify,39] - 登录验证成功!
22:07:53.375 [SpringContextShutdownHook] INFO  o.q.c.QuartzScheduler - [standby,585] - Scheduler quartzScheduler_$_NON_CLUSTERED paused.
22:07:53.746 [SpringContextShutdownHook] INFO  o.q.c.QuartzScheduler - [shutdown,666] - Scheduler quartzScheduler_$_NON_CLUSTERED shutting down.
22:07:53.746 [SpringContextShutdownHook] INFO  o.q.c.QuartzScheduler - [standby,585] - Scheduler quartzScheduler_$_NON_CLUSTERED paused.
22:07:53.747 [SpringContextShutdownHook] INFO  o.q.c.QuartzScheduler - [shutdown,740] - Scheduler quartzScheduler_$_NON_CLUSTERED shutdown complete.
22:07:53.750 [SpringContextShutdownHook] INFO  c.a.d.p.DruidDataSource - [close,2032] - {dataSource-1} closing ...
22:07:53.755 [SpringContextShutdownHook] INFO  c.a.d.p.DruidDataSource - [close,2104] - {dataSource-1} closed
22:07:57.929 [background-preinit] INFO  o.h.v.i.util.Version - [<clinit>,21] - HV000001: Hibernate Validator 6.1.6.Final
22:07:57.952 [restartedMain] INFO  c.r.c.CinemaManagerApplication - [logStarting,55] - Starting CinemaManagerApplication using Java 1.8.0_312 on LAPTOP-95OATB1R with PID 34008 (D:\HuaweiMoveData\Users\chen'j'h\Desktop\CinemaManager\CinemaManagerApi - idea\target\classes started by chen'j'h in D:\HuaweiMoveData\Users\chen'j'h\Desktop\CinemaManager\CinemaManagerApi - idea)
22:07:57.953 [restartedMain] INFO  c.r.c.CinemaManagerApplication - [logStartupProfileInfo,660] - No active profile set, falling back to default profiles: default
22:07:59.885 [restartedMain] INFO  o.a.c.h.Http11NioProtocol - [log,173] - Initializing ProtocolHandler ["http-nio-9231"]
22:07:59.886 [restartedMain] INFO  o.a.c.c.StandardService - [log,173] - Starting service [Tomcat]
22:07:59.886 [restartedMain] INFO  o.a.c.c.StandardEngine - [log,173] - Starting Servlet engine: [Apache Tomcat/9.0.39]
22:07:59.968 [restartedMain] INFO  o.a.c.c.C.[.[.[/] - [log,173] - Initializing Spring embedded WebApplicationContext
22:08:00.345 [restartedMain] INFO  c.a.d.p.DruidDataSource - [init,985] - {dataSource-1} inited
22:08:01.247 [restartedMain] INFO  o.q.i.StdSchedulerFactory - [instantiate,1220] - Using default implementation for ThreadExecutor
22:08:01.254 [restartedMain] INFO  o.q.c.SchedulerSignalerImpl - [<init>,61] - Initialized Scheduler Signaller of type: class org.quartz.core.SchedulerSignalerImpl
22:08:01.255 [restartedMain] INFO  o.q.c.QuartzScheduler - [<init>,229] - Quartz Scheduler v.2.3.2 created.
22:08:01.256 [restartedMain] INFO  o.q.s.RAMJobStore - [initialize,155] - RAMJobStore initialized.
22:08:01.256 [restartedMain] INFO  o.q.c.QuartzScheduler - [initialize,294] - Scheduler meta-data: Quartz Scheduler (v2.3.2) 'quartzScheduler' with instanceId 'NON_CLUSTERED'
  Scheduler class: 'org.quartz.core.QuartzScheduler' - running locally.
  NOT STARTED.
  Currently in standby mode.
  Number of jobs executed: 0
  Using thread pool 'org.quartz.simpl.SimpleThreadPool' - with 10 threads.
  Using job-store 'org.quartz.simpl.RAMJobStore' - which does not support persistence. and is not clustered.

22:08:01.256 [restartedMain] INFO  o.q.i.StdSchedulerFactory - [instantiate,1374] - Quartz scheduler 'quartzScheduler' initialized from an externally provided properties instance.
22:08:01.256 [restartedMain] INFO  o.q.i.StdSchedulerFactory - [instantiate,1378] - Quartz scheduler version: 2.3.2
22:08:01.256 [restartedMain] INFO  o.q.c.QuartzScheduler - [setJobFactory,2293] - JobFactory set to: org.springframework.scheduling.quartz.SpringBeanJobFactory@16588861
22:08:01.351 [restartedMain] INFO  o.a.c.h.Http11NioProtocol - [log,173] - Starting ProtocolHandler ["http-nio-9231"]
22:08:01.373 [restartedMain] INFO  o.q.c.QuartzScheduler - [start,547] - Scheduler quartzScheduler_$_NON_CLUSTERED started.
22:08:01.386 [restartedMain] INFO  c.r.c.CinemaManagerApplication - [logStarted,61] - Started CinemaManagerApplication in 4.029 seconds (JVM running for 5.361)
22:08:06.396 [http-nio-9231-exec-7] INFO  o.a.c.c.C.[.[.[/] - [log,173] - Initializing Spring DispatcherServlet 'dispatcherServlet'
22:08:19.853 [http-nio-9231-exec-8] INFO  c.r.c.c.u.JwtUtil - [verify,39] - 登录验证成功!
22:08:20.179 [http-nio-9231-exec-1] INFO  c.r.c.c.u.JwtUtil - [verify,39] - 登录验证成功!
22:08:20.189 [http-nio-9231-exec-9] INFO  c.r.c.c.u.JwtUtil - [verify,39] - 登录验证成功!
22:08:22.774 [http-nio-9231-exec-10] INFO  c.r.c.c.u.JwtUtil - [verify,39] - 登录验证成功!
22:08:23.866 [http-nio-9231-exec-4] INFO  c.r.c.c.u.JwtUtil - [verify,39] - 登录验证成功!
22:09:34.190 [SpringContextShutdownHook] INFO  o.q.c.QuartzScheduler - [standby,585] - Scheduler quartzScheduler_$_NON_CLUSTERED paused.
22:09:34.583 [SpringContextShutdownHook] INFO  o.q.c.QuartzScheduler - [shutdown,666] - Scheduler quartzScheduler_$_NON_CLUSTERED shutting down.
22:09:34.583 [SpringContextShutdownHook] INFO  o.q.c.QuartzScheduler - [standby,585] - Scheduler quartzScheduler_$_NON_CLUSTERED paused.
22:09:34.584 [SpringContextShutdownHook] INFO  o.q.c.QuartzScheduler - [shutdown,740] - Scheduler quartzScheduler_$_NON_CLUSTERED shutdown complete.
22:09:34.587 [SpringContextShutdownHook] INFO  c.a.d.p.DruidDataSource - [close,2032] - {dataSource-1} closing ...
22:09:34.593 [SpringContextShutdownHook] INFO  c.a.d.p.DruidDataSource - [close,2104] - {dataSource-1} closed
22:09:39.016 [background-preinit] INFO  o.h.v.i.util.Version - [<clinit>,21] - HV000001: Hibernate Validator 6.1.6.Final
22:09:39.042 [restartedMain] INFO  c.r.c.CinemaManagerApplication - [logStarting,55] - Starting CinemaManagerApplication using Java 1.8.0_312 on LAPTOP-95OATB1R with PID 16584 (D:\HuaweiMoveData\Users\chen'j'h\Desktop\CinemaManager\CinemaManagerApi - idea\target\classes started by chen'j'h in D:\HuaweiMoveData\Users\chen'j'h\Desktop\CinemaManager\CinemaManagerApi - idea)
22:09:39.043 [restartedMain] INFO  c.r.c.CinemaManagerApplication - [logStartupProfileInfo,660] - No active profile set, falling back to default profiles: default
22:09:41.038 [restartedMain] INFO  o.a.c.h.Http11NioProtocol - [log,173] - Initializing ProtocolHandler ["http-nio-9231"]
22:09:41.039 [restartedMain] INFO  o.a.c.c.StandardService - [log,173] - Starting service [Tomcat]
22:09:41.039 [restartedMain] INFO  o.a.c.c.StandardEngine - [log,173] - Starting Servlet engine: [Apache Tomcat/9.0.39]
22:09:41.110 [restartedMain] INFO  o.a.c.c.C.[.[.[/] - [log,173] - Initializing Spring embedded WebApplicationContext
22:09:42.049 [restartedMain] INFO  c.a.d.p.DruidDataSource - [init,985] - {dataSource-1} inited
22:09:43.239 [restartedMain] INFO  o.q.i.StdSchedulerFactory - [instantiate,1220] - Using default implementation for ThreadExecutor
22:09:43.249 [restartedMain] INFO  o.q.c.SchedulerSignalerImpl - [<init>,61] - Initialized Scheduler Signaller of type: class org.quartz.core.SchedulerSignalerImpl
22:09:43.250 [restartedMain] INFO  o.q.c.QuartzScheduler - [<init>,229] - Quartz Scheduler v.2.3.2 created.
22:09:43.251 [restartedMain] INFO  o.q.s.RAMJobStore - [initialize,155] - RAMJobStore initialized.
22:09:43.252 [restartedMain] INFO  o.q.c.QuartzScheduler - [initialize,294] - Scheduler meta-data: Quartz Scheduler (v2.3.2) 'quartzScheduler' with instanceId 'NON_CLUSTERED'
  Scheduler class: 'org.quartz.core.QuartzScheduler' - running locally.
  NOT STARTED.
  Currently in standby mode.
  Number of jobs executed: 0
  Using thread pool 'org.quartz.simpl.SimpleThreadPool' - with 10 threads.
  Using job-store 'org.quartz.simpl.RAMJobStore' - which does not support persistence. and is not clustered.

22:09:43.252 [restartedMain] INFO  o.q.i.StdSchedulerFactory - [instantiate,1374] - Quartz scheduler 'quartzScheduler' initialized from an externally provided properties instance.
22:09:43.252 [restartedMain] INFO  o.q.i.StdSchedulerFactory - [instantiate,1378] - Quartz scheduler version: 2.3.2
22:09:43.252 [restartedMain] INFO  o.q.c.QuartzScheduler - [setJobFactory,2293] - JobFactory set to: org.springframework.scheduling.quartz.SpringBeanJobFactory@5bbdc0e2
22:09:43.355 [restartedMain] INFO  o.a.c.h.Http11NioProtocol - [log,173] - Starting ProtocolHandler ["http-nio-9231"]
22:09:43.381 [restartedMain] INFO  o.q.c.QuartzScheduler - [start,547] - Scheduler quartzScheduler_$_NON_CLUSTERED started.
22:09:43.393 [restartedMain] INFO  c.r.c.CinemaManagerApplication - [logStarted,61] - Started CinemaManagerApplication in 5.031 seconds (JVM running for 6.31)
22:09:47.444 [http-nio-9231-exec-2] INFO  o.a.c.c.C.[.[.[/] - [log,173] - Initializing Spring DispatcherServlet 'dispatcherServlet'
22:09:57.372 [http-nio-9231-exec-5] INFO  c.r.c.c.u.JwtUtil - [verify,39] - 登录验证成功!
22:10:10.613 [http-nio-9231-exec-6] INFO  c.r.c.c.u.JwtUtil - [verify,39] - 登录验证成功!
22:11:25.197 [SpringContextShutdownHook] INFO  o.q.c.QuartzScheduler - [standby,585] - Scheduler quartzScheduler_$_NON_CLUSTERED paused.
22:11:25.549 [SpringContextShutdownHook] INFO  o.q.c.QuartzScheduler - [shutdown,666] - Scheduler quartzScheduler_$_NON_CLUSTERED shutting down.
22:11:25.550 [SpringContextShutdownHook] INFO  o.q.c.QuartzScheduler - [standby,585] - Scheduler quartzScheduler_$_NON_CLUSTERED paused.
22:11:25.550 [SpringContextShutdownHook] INFO  o.q.c.QuartzScheduler - [shutdown,740] - Scheduler quartzScheduler_$_NON_CLUSTERED shutdown complete.
22:11:25.554 [SpringContextShutdownHook] INFO  c.a.d.p.DruidDataSource - [close,2032] - {dataSource-1} closing ...
22:11:25.561 [SpringContextShutdownHook] INFO  c.a.d.p.DruidDataSource - [close,2104] - {dataSource-1} closed
22:11:29.835 [background-preinit] INFO  o.h.v.i.util.Version - [<clinit>,21] - HV000001: Hibernate Validator 6.1.6.Final
22:11:29.862 [restartedMain] INFO  c.r.c.CinemaManagerApplication - [logStarting,55] - Starting CinemaManagerApplication using Java 1.8.0_312 on LAPTOP-95OATB1R with PID 32836 (D:\HuaweiMoveData\Users\chen'j'h\Desktop\CinemaManager\CinemaManagerApi - idea\target\classes started by chen'j'h in D:\HuaweiMoveData\Users\chen'j'h\Desktop\CinemaManager\CinemaManagerApi - idea)
22:11:29.864 [restartedMain] INFO  c.r.c.CinemaManagerApplication - [logStartupProfileInfo,660] - No active profile set, falling back to default profiles: default
22:11:32.092 [restartedMain] INFO  o.a.c.h.Http11NioProtocol - [log,173] - Initializing ProtocolHandler ["http-nio-9231"]
22:11:32.093 [restartedMain] INFO  o.a.c.c.StandardService - [log,173] - Starting service [Tomcat]
22:11:32.093 [restartedMain] INFO  o.a.c.c.StandardEngine - [log,173] - Starting Servlet engine: [Apache Tomcat/9.0.39]
22:11:32.172 [restartedMain] INFO  o.a.c.c.C.[.[.[/] - [log,173] - Initializing Spring embedded WebApplicationContext
22:11:32.803 [restartedMain] INFO  c.a.d.p.DruidDataSource - [init,985] - {dataSource-1} inited
22:11:33.902 [restartedMain] INFO  o.q.i.StdSchedulerFactory - [instantiate,1220] - Using default implementation for ThreadExecutor
22:11:33.910 [restartedMain] INFO  o.q.c.SchedulerSignalerImpl - [<init>,61] - Initialized Scheduler Signaller of type: class org.quartz.core.SchedulerSignalerImpl
22:11:33.911 [restartedMain] INFO  o.q.c.QuartzScheduler - [<init>,229] - Quartz Scheduler v.2.3.2 created.
22:11:33.912 [restartedMain] INFO  o.q.s.RAMJobStore - [initialize,155] - RAMJobStore initialized.
22:11:33.913 [restartedMain] INFO  o.q.c.QuartzScheduler - [initialize,294] - Scheduler meta-data: Quartz Scheduler (v2.3.2) 'quartzScheduler' with instanceId 'NON_CLUSTERED'
  Scheduler class: 'org.quartz.core.QuartzScheduler' - running locally.
  NOT STARTED.
  Currently in standby mode.
  Number of jobs executed: 0
  Using thread pool 'org.quartz.simpl.SimpleThreadPool' - with 10 threads.
  Using job-store 'org.quartz.simpl.RAMJobStore' - which does not support persistence. and is not clustered.

22:11:33.913 [restartedMain] INFO  o.q.i.StdSchedulerFactory - [instantiate,1374] - Quartz scheduler 'quartzScheduler' initialized from an externally provided properties instance.
22:11:33.913 [restartedMain] INFO  o.q.i.StdSchedulerFactory - [instantiate,1378] - Quartz scheduler version: 2.3.2
22:11:33.913 [restartedMain] INFO  o.q.c.QuartzScheduler - [setJobFactory,2293] - JobFactory set to: org.springframework.scheduling.quartz.SpringBeanJobFactory@5bbdc0e2
22:11:34.007 [restartedMain] INFO  o.a.c.h.Http11NioProtocol - [log,173] - Starting ProtocolHandler ["http-nio-9231"]
22:11:34.029 [restartedMain] INFO  o.q.c.QuartzScheduler - [start,547] - Scheduler quartzScheduler_$_NON_CLUSTERED started.
22:11:34.040 [restartedMain] INFO  c.r.c.CinemaManagerApplication - [logStarted,61] - Started CinemaManagerApplication in 4.779 seconds (JVM running for 5.999)
22:11:41.307 [SpringContextShutdownHook] INFO  o.q.c.QuartzScheduler - [standby,585] - Scheduler quartzScheduler_$_NON_CLUSTERED paused.
22:11:41.660 [SpringContextShutdownHook] INFO  o.q.c.QuartzScheduler - [shutdown,666] - Scheduler quartzScheduler_$_NON_CLUSTERED shutting down.
22:11:41.660 [SpringContextShutdownHook] INFO  o.q.c.QuartzScheduler - [standby,585] - Scheduler quartzScheduler_$_NON_CLUSTERED paused.
22:11:41.661 [SpringContextShutdownHook] INFO  o.q.c.QuartzScheduler - [shutdown,740] - Scheduler quartzScheduler_$_NON_CLUSTERED shutdown complete.
22:11:41.666 [SpringContextShutdownHook] INFO  c.a.d.p.DruidDataSource - [close,2032] - {dataSource-1} closing ...
22:11:41.672 [SpringContextShutdownHook] INFO  c.a.d.p.DruidDataSource - [close,2104] - {dataSource-1} closed
22:11:45.878 [background-preinit] INFO  o.h.v.i.util.Version - [<clinit>,21] - HV000001: Hibernate Validator 6.1.6.Final
22:11:45.896 [restartedMain] INFO  c.r.c.CinemaManagerApplication - [logStarting,55] - Starting CinemaManagerApplication using Java 1.8.0_312 on LAPTOP-95OATB1R with PID 37472 (D:\HuaweiMoveData\Users\chen'j'h\Desktop\CinemaManager\CinemaManagerApi - idea\target\classes started by chen'j'h in D:\HuaweiMoveData\Users\chen'j'h\Desktop\CinemaManager\CinemaManagerApi - idea)
22:11:45.897 [restartedMain] INFO  c.r.c.CinemaManagerApplication - [logStartupProfileInfo,660] - No active profile set, falling back to default profiles: default
22:11:48.069 [restartedMain] INFO  o.a.c.h.Http11NioProtocol - [log,173] - Initializing ProtocolHandler ["http-nio-9231"]
22:11:48.070 [restartedMain] INFO  o.a.c.c.StandardService - [log,173] - Starting service [Tomcat]
22:11:48.070 [restartedMain] INFO  o.a.c.c.StandardEngine - [log,173] - Starting Servlet engine: [Apache Tomcat/9.0.39]
22:11:48.151 [restartedMain] INFO  o.a.c.c.C.[.[.[/] - [log,173] - Initializing Spring embedded WebApplicationContext
22:11:48.504 [restartedMain] INFO  c.a.d.p.DruidDataSource - [init,985] - {dataSource-1} inited
22:11:49.385 [restartedMain] INFO  o.q.i.StdSchedulerFactory - [instantiate,1220] - Using default implementation for ThreadExecutor
22:11:49.393 [restartedMain] INFO  o.q.c.SchedulerSignalerImpl - [<init>,61] - Initialized Scheduler Signaller of type: class org.quartz.core.SchedulerSignalerImpl
22:11:49.393 [restartedMain] INFO  o.q.c.QuartzScheduler - [<init>,229] - Quartz Scheduler v.2.3.2 created.
22:11:49.394 [restartedMain] INFO  o.q.s.RAMJobStore - [initialize,155] - RAMJobStore initialized.
22:11:49.395 [restartedMain] INFO  o.q.c.QuartzScheduler - [initialize,294] - Scheduler meta-data: Quartz Scheduler (v2.3.2) 'quartzScheduler' with instanceId 'NON_CLUSTERED'
  Scheduler class: 'org.quartz.core.QuartzScheduler' - running locally.
  NOT STARTED.
  Currently in standby mode.
  Number of jobs executed: 0
  Using thread pool 'org.quartz.simpl.SimpleThreadPool' - with 10 threads.
  Using job-store 'org.quartz.simpl.RAMJobStore' - which does not support persistence. and is not clustered.

22:11:49.395 [restartedMain] INFO  o.q.i.StdSchedulerFactory - [instantiate,1374] - Quartz scheduler 'quartzScheduler' initialized from an externally provided properties instance.
22:11:49.395 [restartedMain] INFO  o.q.i.StdSchedulerFactory - [instantiate,1378] - Quartz scheduler version: 2.3.2
22:11:49.395 [restartedMain] INFO  o.q.c.QuartzScheduler - [setJobFactory,2293] - JobFactory set to: org.springframework.scheduling.quartz.SpringBeanJobFactory@5aa03bc9
22:11:49.488 [restartedMain] INFO  o.a.c.h.Http11NioProtocol - [log,173] - Starting ProtocolHandler ["http-nio-9231"]
22:11:49.511 [restartedMain] INFO  o.q.c.QuartzScheduler - [start,547] - Scheduler quartzScheduler_$_NON_CLUSTERED started.
22:11:49.523 [restartedMain] INFO  c.r.c.CinemaManagerApplication - [logStarted,61] - Started CinemaManagerApplication in 4.272 seconds (JVM running for 5.512)
22:11:55.317 [http-nio-9231-exec-6] INFO  o.a.c.c.C.[.[.[/] - [log,173] - Initializing Spring DispatcherServlet 'dispatcherServlet'
22:11:57.789 [http-nio-9231-exec-3] INFO  c.r.c.c.u.JwtUtil - [verify,39] - 登录验证成功!
22:12:09.219 [http-nio-9231-exec-5] INFO  c.r.c.c.u.JwtUtil - [verify,39] - 登录验证成功!
22:13:21.585 [SpringContextShutdownHook] INFO  o.q.c.QuartzScheduler - [standby,585] - Scheduler quartzScheduler_$_NON_CLUSTERED paused.
22:13:21.963 [SpringContextShutdownHook] INFO  o.q.c.QuartzScheduler - [shutdown,666] - Scheduler quartzScheduler_$_NON_CLUSTERED shutting down.
22:13:21.963 [SpringContextShutdownHook] INFO  o.q.c.QuartzScheduler - [standby,585] - Scheduler quartzScheduler_$_NON_CLUSTERED paused.
22:13:21.964 [SpringContextShutdownHook] INFO  o.q.c.QuartzScheduler - [shutdown,740] - Scheduler quartzScheduler_$_NON_CLUSTERED shutdown complete.
22:13:21.967 [SpringContextShutdownHook] INFO  c.a.d.p.DruidDataSource - [close,2032] - {dataSource-1} closing ...
22:13:21.974 [SpringContextShutdownHook] INFO  c.a.d.p.DruidDataSource - [close,2104] - {dataSource-1} closed
22:13:26.344 [background-preinit] INFO  o.h.v.i.util.Version - [<clinit>,21] - HV000001: Hibernate Validator 6.1.6.Final
22:13:26.370 [restartedMain] INFO  c.r.c.CinemaManagerApplication - [logStarting,55] - Starting CinemaManagerApplication using Java 1.8.0_312 on LAPTOP-95OATB1R with PID 36588 (D:\HuaweiMoveData\Users\chen'j'h\Desktop\CinemaManager\CinemaManagerApi - idea\target\classes started by chen'j'h in D:\HuaweiMoveData\Users\chen'j'h\Desktop\CinemaManager\CinemaManagerApi - idea)
22:13:26.371 [restartedMain] INFO  c.r.c.CinemaManagerApplication - [logStartupProfileInfo,660] - No active profile set, falling back to default profiles: default
22:13:28.538 [restartedMain] INFO  o.a.c.h.Http11NioProtocol - [log,173] - Initializing ProtocolHandler ["http-nio-9231"]
22:13:28.538 [restartedMain] INFO  o.a.c.c.StandardService - [log,173] - Starting service [Tomcat]
22:13:28.539 [restartedMain] INFO  o.a.c.c.StandardEngine - [log,173] - Starting Servlet engine: [Apache Tomcat/9.0.39]
22:13:28.639 [restartedMain] INFO  o.a.c.c.C.[.[.[/] - [log,173] - Initializing Spring embedded WebApplicationContext
22:13:29.484 [restartedMain] INFO  c.a.d.p.DruidDataSource - [init,985] - {dataSource-1} inited
22:13:30.466 [restartedMain] INFO  o.q.i.StdSchedulerFactory - [instantiate,1220] - Using default implementation for ThreadExecutor
22:13:30.483 [restartedMain] INFO  o.q.c.SchedulerSignalerImpl - [<init>,61] - Initialized Scheduler Signaller of type: class org.quartz.core.SchedulerSignalerImpl
22:13:30.484 [restartedMain] INFO  o.q.c.QuartzScheduler - [<init>,229] - Quartz Scheduler v.2.3.2 created.
22:13:30.485 [restartedMain] INFO  o.q.s.RAMJobStore - [initialize,155] - RAMJobStore initialized.
22:13:30.487 [restartedMain] INFO  o.q.c.QuartzScheduler - [initialize,294] - Scheduler meta-data: Quartz Scheduler (v2.3.2) 'quartzScheduler' with instanceId 'NON_CLUSTERED'
  Scheduler class: 'org.quartz.core.QuartzScheduler' - running locally.
  NOT STARTED.
  Currently in standby mode.
  Number of jobs executed: 0
  Using thread pool 'org.quartz.simpl.SimpleThreadPool' - with 10 threads.
  Using job-store 'org.quartz.simpl.RAMJobStore' - which does not support persistence. and is not clustered.

22:13:30.488 [restartedMain] INFO  o.q.i.StdSchedulerFactory - [instantiate,1374] - Quartz scheduler 'quartzScheduler' initialized from an externally provided properties instance.
22:13:30.488 [restartedMain] INFO  o.q.i.StdSchedulerFactory - [instantiate,1378] - Quartz scheduler version: 2.3.2
22:13:30.488 [restartedMain] INFO  o.q.c.QuartzScheduler - [setJobFactory,2293] - JobFactory set to: org.springframework.scheduling.quartz.SpringBeanJobFactory@6fe5af57
22:13:30.588 [restartedMain] INFO  o.a.c.h.Http11NioProtocol - [log,173] - Starting ProtocolHandler ["http-nio-9231"]
22:13:30.607 [restartedMain] INFO  o.q.c.QuartzScheduler - [start,547] - Scheduler quartzScheduler_$_NON_CLUSTERED started.
22:13:30.619 [restartedMain] INFO  c.r.c.CinemaManagerApplication - [logStarted,61] - Started CinemaManagerApplication in 4.869 seconds (JVM running for 6.153)
22:13:58.926 [http-nio-9231-exec-2] INFO  o.a.c.c.C.[.[.[/] - [log,173] - Initializing Spring DispatcherServlet 'dispatcherServlet'
22:14:09.638 [http-nio-9231-exec-8] INFO  c.r.c.c.u.JwtUtil - [verify,39] - 登录验证成功!
22:15:23.393 [SpringContextShutdownHook] INFO  o.q.c.QuartzScheduler - [standby,585] - Scheduler quartzScheduler_$_NON_CLUSTERED paused.
22:15:23.737 [SpringContextShutdownHook] INFO  o.q.c.QuartzScheduler - [shutdown,666] - Scheduler quartzScheduler_$_NON_CLUSTERED shutting down.
22:15:23.738 [SpringContextShutdownHook] INFO  o.q.c.QuartzScheduler - [standby,585] - Scheduler quartzScheduler_$_NON_CLUSTERED paused.
22:15:23.738 [SpringContextShutdownHook] INFO  o.q.c.QuartzScheduler - [shutdown,740] - Scheduler quartzScheduler_$_NON_CLUSTERED shutdown complete.
22:15:23.741 [SpringContextShutdownHook] INFO  c.a.d.p.DruidDataSource - [close,2032] - {dataSource-1} closing ...
22:15:23.747 [SpringContextShutdownHook] INFO  c.a.d.p.DruidDataSource - [close,2104] - {dataSource-1} closed
22:15:28.112 [background-preinit] INFO  o.h.v.i.util.Version - [<clinit>,21] - HV000001: Hibernate Validator 6.1.6.Final
22:15:28.136 [restartedMain] INFO  c.r.c.CinemaManagerApplication - [logStarting,55] - Starting CinemaManagerApplication using Java 1.8.0_312 on LAPTOP-95OATB1R with PID 38820 (D:\HuaweiMoveData\Users\chen'j'h\Desktop\CinemaManager\CinemaManagerApi - idea\target\classes started by chen'j'h in D:\HuaweiMoveData\Users\chen'j'h\Desktop\CinemaManager\CinemaManagerApi - idea)
22:15:28.137 [restartedMain] INFO  c.r.c.CinemaManagerApplication - [logStartupProfileInfo,660] - No active profile set, falling back to default profiles: default
22:15:30.456 [restartedMain] INFO  o.a.c.h.Http11NioProtocol - [log,173] - Initializing ProtocolHandler ["http-nio-9231"]
22:15:30.457 [restartedMain] INFO  o.a.c.c.StandardService - [log,173] - Starting service [Tomcat]
22:15:30.457 [restartedMain] INFO  o.a.c.c.StandardEngine - [log,173] - Starting Servlet engine: [Apache Tomcat/9.0.39]
22:15:30.564 [restartedMain] INFO  o.a.c.c.C.[.[.[/] - [log,173] - Initializing Spring embedded WebApplicationContext
22:15:31.296 [restartedMain] INFO  c.a.d.p.DruidDataSource - [init,985] - {dataSource-1} inited
22:15:32.403 [restartedMain] INFO  o.q.i.StdSchedulerFactory - [instantiate,1220] - Using default implementation for ThreadExecutor
22:15:32.411 [restartedMain] INFO  o.q.c.SchedulerSignalerImpl - [<init>,61] - Initialized Scheduler Signaller of type: class org.quartz.core.SchedulerSignalerImpl
22:15:32.411 [restartedMain] INFO  o.q.c.QuartzScheduler - [<init>,229] - Quartz Scheduler v.2.3.2 created.
22:15:32.413 [restartedMain] INFO  o.q.s.RAMJobStore - [initialize,155] - RAMJobStore initialized.
22:15:32.414 [restartedMain] INFO  o.q.c.QuartzScheduler - [initialize,294] - Scheduler meta-data: Quartz Scheduler (v2.3.2) 'quartzScheduler' with instanceId 'NON_CLUSTERED'
  Scheduler class: 'org.quartz.core.QuartzScheduler' - running locally.
  NOT STARTED.
  Currently in standby mode.
  Number of jobs executed: 0
  Using thread pool 'org.quartz.simpl.SimpleThreadPool' - with 10 threads.
  Using job-store 'org.quartz.simpl.RAMJobStore' - which does not support persistence. and is not clustered.

22:15:32.414 [restartedMain] INFO  o.q.i.StdSchedulerFactory - [instantiate,1374] - Quartz scheduler 'quartzScheduler' initialized from an externally provided properties instance.
22:15:32.414 [restartedMain] INFO  o.q.i.StdSchedulerFactory - [instantiate,1378] - Quartz scheduler version: 2.3.2
22:15:32.414 [restartedMain] INFO  o.q.c.QuartzScheduler - [setJobFactory,2293] - JobFactory set to: org.springframework.scheduling.quartz.SpringBeanJobFactory@2b265a93
22:15:32.514 [restartedMain] INFO  o.a.c.h.Http11NioProtocol - [log,173] - Starting ProtocolHandler ["http-nio-9231"]
22:15:32.541 [restartedMain] INFO  o.q.c.QuartzScheduler - [start,547] - Scheduler quartzScheduler_$_NON_CLUSTERED started.
22:15:32.556 [restartedMain] INFO  c.r.c.CinemaManagerApplication - [logStarted,61] - Started CinemaManagerApplication in 5.108 seconds (JVM running for 6.354)
22:15:39.510 [http-nio-9231-exec-4] INFO  o.a.c.c.C.[.[.[/] - [log,173] - Initializing Spring DispatcherServlet 'dispatcherServlet'
22:15:47.098 [http-nio-9231-exec-5] INFO  c.r.c.c.u.JwtUtil - [verify,39] - 登录验证成功!
22:17:45.897 [SpringContextShutdownHook] INFO  o.q.c.QuartzScheduler - [standby,585] - Scheduler quartzScheduler_$_NON_CLUSTERED paused.
22:17:46.267 [SpringContextShutdownHook] INFO  o.q.c.QuartzScheduler - [shutdown,666] - Scheduler quartzScheduler_$_NON_CLUSTERED shutting down.
22:17:46.268 [SpringContextShutdownHook] INFO  o.q.c.QuartzScheduler - [standby,585] - Scheduler quartzScheduler_$_NON_CLUSTERED paused.
22:17:46.268 [SpringContextShutdownHook] INFO  o.q.c.QuartzScheduler - [shutdown,740] - Scheduler quartzScheduler_$_NON_CLUSTERED shutdown complete.
22:17:46.273 [SpringContextShutdownHook] INFO  c.a.d.p.DruidDataSource - [close,2032] - {dataSource-1} closing ...
22:17:46.284 [SpringContextShutdownHook] INFO  c.a.d.p.DruidDataSource - [close,2104] - {dataSource-1} closed
22:17:50.882 [background-preinit] INFO  o.h.v.i.util.Version - [<clinit>,21] - HV000001: Hibernate Validator 6.1.6.Final
22:17:50.909 [restartedMain] INFO  c.r.c.CinemaManagerApplication - [logStarting,55] - Starting CinemaManagerApplication using Java 1.8.0_312 on LAPTOP-95OATB1R with PID 29484 (D:\HuaweiMoveData\Users\chen'j'h\Desktop\CinemaManager\CinemaManagerApi - idea\target\classes started by chen'j'h in D:\HuaweiMoveData\Users\chen'j'h\Desktop\CinemaManager\CinemaManagerApi - idea)
22:17:50.910 [restartedMain] INFO  c.r.c.CinemaManagerApplication - [logStartupProfileInfo,660] - No active profile set, falling back to default profiles: default
22:17:53.109 [restartedMain] INFO  o.a.c.h.Http11NioProtocol - [log,173] - Initializing ProtocolHandler ["http-nio-9231"]
22:17:53.110 [restartedMain] INFO  o.a.c.c.StandardService - [log,173] - Starting service [Tomcat]
22:17:53.110 [restartedMain] INFO  o.a.c.c.StandardEngine - [log,173] - Starting Servlet engine: [Apache Tomcat/9.0.39]
22:17:53.227 [restartedMain] INFO  o.a.c.c.C.[.[.[/] - [log,173] - Initializing Spring embedded WebApplicationContext
22:17:53.611 [restartedMain] INFO  c.a.d.p.DruidDataSource - [init,985] - {dataSource-1} inited
22:17:54.503 [restartedMain] INFO  o.q.i.StdSchedulerFactory - [instantiate,1220] - Using default implementation for ThreadExecutor
22:17:54.513 [restartedMain] INFO  o.q.c.SchedulerSignalerImpl - [<init>,61] - Initialized Scheduler Signaller of type: class org.quartz.core.SchedulerSignalerImpl
22:17:54.513 [restartedMain] INFO  o.q.c.QuartzScheduler - [<init>,229] - Quartz Scheduler v.2.3.2 created.
22:17:54.514 [restartedMain] INFO  o.q.s.RAMJobStore - [initialize,155] - RAMJobStore initialized.
22:17:54.515 [restartedMain] INFO  o.q.c.QuartzScheduler - [initialize,294] - Scheduler meta-data: Quartz Scheduler (v2.3.2) 'quartzScheduler' with instanceId 'NON_CLUSTERED'
  Scheduler class: 'org.quartz.core.QuartzScheduler' - running locally.
  NOT STARTED.
  Currently in standby mode.
  Number of jobs executed: 0
  Using thread pool 'org.quartz.simpl.SimpleThreadPool' - with 10 threads.
  Using job-store 'org.quartz.simpl.RAMJobStore' - which does not support persistence. and is not clustered.

22:17:54.515 [restartedMain] INFO  o.q.i.StdSchedulerFactory - [instantiate,1374] - Quartz scheduler 'quartzScheduler' initialized from an externally provided properties instance.
22:17:54.515 [restartedMain] INFO  o.q.i.StdSchedulerFactory - [instantiate,1378] - Quartz scheduler version: 2.3.2
22:17:54.515 [restartedMain] INFO  o.q.c.QuartzScheduler - [setJobFactory,2293] - JobFactory set to: org.springframework.scheduling.quartz.SpringBeanJobFactory@2f7e607b
22:17:54.617 [restartedMain] INFO  o.a.c.h.Http11NioProtocol - [log,173] - Starting ProtocolHandler ["http-nio-9231"]
22:17:54.641 [restartedMain] INFO  o.q.c.QuartzScheduler - [start,547] - Scheduler quartzScheduler_$_NON_CLUSTERED started.
22:17:54.653 [restartedMain] INFO  c.r.c.CinemaManagerApplication - [logStarted,61] - Started CinemaManagerApplication in 4.409 seconds (JVM running for 5.797)
22:18:00.305 [http-nio-9231-exec-2] INFO  o.a.c.c.C.[.[.[/] - [log,173] - Initializing Spring DispatcherServlet 'dispatcherServlet'
22:18:08.761 [http-nio-9231-exec-3] INFO  c.r.c.c.u.JwtUtil - [verify,39] - 登录验证成功!
22:21:23.582 [SpringContextShutdownHook] INFO  o.q.c.QuartzScheduler - [standby,585] - Scheduler quartzScheduler_$_NON_CLUSTERED paused.
22:21:23.912 [SpringContextShutdownHook] INFO  o.q.c.QuartzScheduler - [shutdown,666] - Scheduler quartzScheduler_$_NON_CLUSTERED shutting down.
22:21:23.912 [SpringContextShutdownHook] INFO  o.q.c.QuartzScheduler - [standby,585] - Scheduler quartzScheduler_$_NON_CLUSTERED paused.
22:21:23.913 [SpringContextShutdownHook] INFO  o.q.c.QuartzScheduler - [shutdown,740] - Scheduler quartzScheduler_$_NON_CLUSTERED shutdown complete.
22:21:23.916 [SpringContextShutdownHook] INFO  c.a.d.p.DruidDataSource - [close,2032] - {dataSource-1} closing ...
22:21:23.921 [SpringContextShutdownHook] INFO  c.a.d.p.DruidDataSource - [close,2104] - {dataSource-1} closed
22:21:27.621 [background-preinit] INFO  o.h.v.i.util.Version - [<clinit>,21] - HV000001: Hibernate Validator 6.1.6.Final
22:21:27.632 [restartedMain] INFO  c.r.c.CinemaManagerApplication - [logStarting,55] - Starting CinemaManagerApplication using Java 1.8.0_312 on LAPTOP-95OATB1R with PID 32904 (D:\HuaweiMoveData\Users\chen'j'h\Desktop\CinemaManager\CinemaManagerApi - idea\target\classes started by chen'j'h in D:\HuaweiMoveData\Users\chen'j'h\Desktop\CinemaManager\CinemaManagerApi - idea)
22:21:27.633 [restartedMain] INFO  c.r.c.CinemaManagerApplication - [logStartupProfileInfo,660] - No active profile set, falling back to default profiles: default
22:21:29.630 [restartedMain] INFO  o.a.c.h.Http11NioProtocol - [log,173] - Initializing ProtocolHandler ["http-nio-9231"]
22:21:29.631 [restartedMain] INFO  o.a.c.c.StandardService - [log,173] - Starting service [Tomcat]
22:21:29.631 [restartedMain] INFO  o.a.c.c.StandardEngine - [log,173] - Starting Servlet engine: [Apache Tomcat/9.0.39]
22:21:29.722 [restartedMain] INFO  o.a.c.c.C.[.[.[/] - [log,173] - Initializing Spring embedded WebApplicationContext
22:21:30.126 [restartedMain] INFO  c.a.d.p.DruidDataSource - [init,985] - {dataSource-1} inited
22:21:31.077 [restartedMain] INFO  o.q.i.StdSchedulerFactory - [instantiate,1220] - Using default implementation for ThreadExecutor
22:21:31.086 [restartedMain] INFO  o.q.c.SchedulerSignalerImpl - [<init>,61] - Initialized Scheduler Signaller of type: class org.quartz.core.SchedulerSignalerImpl
22:21:31.086 [restartedMain] INFO  o.q.c.QuartzScheduler - [<init>,229] - Quartz Scheduler v.2.3.2 created.
22:21:31.087 [restartedMain] INFO  o.q.s.RAMJobStore - [initialize,155] - RAMJobStore initialized.
22:21:31.088 [restartedMain] INFO  o.q.c.QuartzScheduler - [initialize,294] - Scheduler meta-data: Quartz Scheduler (v2.3.2) 'quartzScheduler' with instanceId 'NON_CLUSTERED'
  Scheduler class: 'org.quartz.core.QuartzScheduler' - running locally.
  NOT STARTED.
  Currently in standby mode.
  Number of jobs executed: 0
  Using thread pool 'org.quartz.simpl.SimpleThreadPool' - with 10 threads.
  Using job-store 'org.quartz.simpl.RAMJobStore' - which does not support persistence. and is not clustered.

22:21:31.088 [restartedMain] INFO  o.q.i.StdSchedulerFactory - [instantiate,1374] - Quartz scheduler 'quartzScheduler' initialized from an externally provided properties instance.
22:21:31.088 [restartedMain] INFO  o.q.i.StdSchedulerFactory - [instantiate,1378] - Quartz scheduler version: 2.3.2
22:21:31.089 [restartedMain] INFO  o.q.c.QuartzScheduler - [setJobFactory,2293] - JobFactory set to: org.springframework.scheduling.quartz.SpringBeanJobFactory@7b55aaf8
22:21:31.186 [restartedMain] INFO  o.a.c.h.Http11NioProtocol - [log,173] - Starting ProtocolHandler ["http-nio-9231"]
22:21:31.209 [restartedMain] INFO  o.q.c.QuartzScheduler - [start,547] - Scheduler quartzScheduler_$_NON_CLUSTERED started.
22:21:31.220 [restartedMain] INFO  c.r.c.CinemaManagerApplication - [logStarted,61] - Started CinemaManagerApplication in 4.085 seconds (JVM running for 5.166)
22:21:35.078 [http-nio-9231-exec-1] INFO  o.a.c.c.C.[.[.[/] - [log,173] - Initializing Spring DispatcherServlet 'dispatcherServlet'
22:21:46.232 [http-nio-9231-exec-1] INFO  c.r.c.c.u.JwtUtil - [verify,39] - 登录验证成功!
22:21:46.663 [http-nio-9231-exec-4] INFO  c.r.c.c.u.JwtUtil - [verify,39] - 登录验证成功!
22:21:46.708 [http-nio-9231-exec-5] INFO  c.r.c.c.u.JwtUtil - [verify,39] - 登录验证成功!
22:21:53.922 [http-nio-9231-exec-6] INFO  c.r.c.c.u.JwtUtil - [verify,39] - 登录验证成功!
22:21:56.079 [http-nio-9231-exec-9] INFO  c.r.c.c.u.JwtUtil - [verify,39] - 登录验证成功!
22:23:25.160 [http-nio-9231-exec-2] INFO  c.r.c.c.u.JwtUtil - [verify,39] - 登录验证成功!
22:23:25.346 [http-nio-9231-exec-7] INFO  c.r.c.c.u.JwtUtil - [verify,39] - 登录验证成功!
22:23:25.349 [http-nio-9231-exec-9] INFO  c.r.c.c.u.JwtUtil - [verify,39] - 登录验证成功!
22:24:30.331 [SpringContextShutdownHook] INFO  o.q.c.QuartzScheduler - [standby,585] - Scheduler quartzScheduler_$_NON_CLUSTERED paused.
22:24:30.748 [SpringContextShutdownHook] INFO  o.q.c.QuartzScheduler - [shutdown,666] - Scheduler quartzScheduler_$_NON_CLUSTERED shutting down.
22:24:30.749 [SpringContextShutdownHook] INFO  o.q.c.QuartzScheduler - [standby,585] - Scheduler quartzScheduler_$_NON_CLUSTERED paused.
22:24:30.749 [SpringContextShutdownHook] INFO  o.q.c.QuartzScheduler - [shutdown,740] - Scheduler quartzScheduler_$_NON_CLUSTERED shutdown complete.
22:24:30.753 [SpringContextShutdownHook] INFO  c.a.d.p.DruidDataSource - [close,2032] - {dataSource-1} closing ...
22:24:30.759 [SpringContextShutdownHook] INFO  c.a.d.p.DruidDataSource - [close,2104] - {dataSource-1} closed
22:24:34.937 [background-preinit] INFO  o.h.v.i.util.Version - [<clinit>,21] - HV000001: Hibernate Validator 6.1.6.Final
22:24:34.965 [restartedMain] INFO  c.r.c.CinemaManagerApplication - [logStarting,55] - Starting CinemaManagerApplication using Java 1.8.0_312 on LAPTOP-95OATB1R with PID 31216 (D:\HuaweiMoveData\Users\chen'j'h\Desktop\CinemaManager\CinemaManagerApi - idea\target\classes started by chen'j'h in D:\HuaweiMoveData\Users\chen'j'h\Desktop\CinemaManager\CinemaManagerApi - idea)
22:24:34.968 [restartedMain] INFO  c.r.c.CinemaManagerApplication - [logStartupProfileInfo,660] - No active profile set, falling back to default profiles: default
22:24:37.214 [restartedMain] INFO  o.a.c.h.Http11NioProtocol - [log,173] - Initializing ProtocolHandler ["http-nio-9231"]
22:24:37.215 [restartedMain] INFO  o.a.c.c.StandardService - [log,173] - Starting service [Tomcat]
22:24:37.216 [restartedMain] INFO  o.a.c.c.StandardEngine - [log,173] - Starting Servlet engine: [Apache Tomcat/9.0.39]
22:24:37.309 [restartedMain] INFO  o.a.c.c.C.[.[.[/] - [log,173] - Initializing Spring embedded WebApplicationContext
22:24:38.082 [restartedMain] INFO  c.a.d.p.DruidDataSource - [init,985] - {dataSource-1} inited
22:24:39.145 [restartedMain] INFO  o.q.i.StdSchedulerFactory - [instantiate,1220] - Using default implementation for ThreadExecutor
22:24:39.154 [restartedMain] INFO  o.q.c.SchedulerSignalerImpl - [<init>,61] - Initialized Scheduler Signaller of type: class org.quartz.core.SchedulerSignalerImpl
22:24:39.155 [restartedMain] INFO  o.q.c.QuartzScheduler - [<init>,229] - Quartz Scheduler v.2.3.2 created.
22:24:39.156 [restartedMain] INFO  o.q.s.RAMJobStore - [initialize,155] - RAMJobStore initialized.
22:24:39.157 [restartedMain] INFO  o.q.c.QuartzScheduler - [initialize,294] - Scheduler meta-data: Quartz Scheduler (v2.3.2) 'quartzScheduler' with instanceId 'NON_CLUSTERED'
  Scheduler class: 'org.quartz.core.QuartzScheduler' - running locally.
  NOT STARTED.
  Currently in standby mode.
  Number of jobs executed: 0
  Using thread pool 'org.quartz.simpl.SimpleThreadPool' - with 10 threads.
  Using job-store 'org.quartz.simpl.RAMJobStore' - which does not support persistence. and is not clustered.

22:24:39.157 [restartedMain] INFO  o.q.i.StdSchedulerFactory - [instantiate,1374] - Quartz scheduler 'quartzScheduler' initialized from an externally provided properties instance.
22:24:39.158 [restartedMain] INFO  o.q.i.StdSchedulerFactory - [instantiate,1378] - Quartz scheduler version: 2.3.2
22:24:39.158 [restartedMain] INFO  o.q.c.QuartzScheduler - [setJobFactory,2293] - JobFactory set to: org.springframework.scheduling.quartz.SpringBeanJobFactory@3ea8a2dc
22:24:39.262 [restartedMain] INFO  o.a.c.h.Http11NioProtocol - [log,173] - Starting ProtocolHandler ["http-nio-9231"]
22:24:39.285 [restartedMain] INFO  o.q.c.QuartzScheduler - [start,547] - Scheduler quartzScheduler_$_NON_CLUSTERED started.
22:24:39.297 [restartedMain] INFO  c.r.c.CinemaManagerApplication - [logStarted,61] - Started CinemaManagerApplication in 5.03 seconds (JVM running for 6.287)
22:24:41.639 [http-nio-9231-exec-1] INFO  o.a.c.c.C.[.[.[/] - [log,173] - Initializing Spring DispatcherServlet 'dispatcherServlet'
22:24:41.784 [http-nio-9231-exec-2] INFO  c.r.c.c.u.JwtUtil - [verify,39] - 登录验证成功!
22:24:54.378 [http-nio-9231-exec-5] INFO  c.r.c.c.u.JwtUtil - [verify,39] - 登录验证成功!
22:24:54.621 [http-nio-9231-exec-8] INFO  c.r.c.c.u.JwtUtil - [verify,39] - 登录验证成功!
22:24:54.635 [http-nio-9231-exec-7] INFO  c.r.c.c.u.JwtUtil - [verify,39] - 登录验证成功!
22:24:56.717 [http-nio-9231-exec-1] INFO  c.r.c.c.u.JwtUtil - [verify,39] - 登录验证成功!
22:25:15.366 [SpringContextShutdownHook] INFO  o.q.c.QuartzScheduler - [standby,585] - Scheduler quartzScheduler_$_NON_CLUSTERED paused.
22:25:15.718 [SpringContextShutdownHook] INFO  o.q.c.QuartzScheduler - [shutdown,666] - Scheduler quartzScheduler_$_NON_CLUSTERED shutting down.
22:25:15.719 [SpringContextShutdownHook] INFO  o.q.c.QuartzScheduler - [standby,585] - Scheduler quartzScheduler_$_NON_CLUSTERED paused.
22:25:15.719 [SpringContextShutdownHook] INFO  o.q.c.QuartzScheduler - [shutdown,740] - Scheduler quartzScheduler_$_NON_CLUSTERED shutdown complete.
22:25:15.723 [SpringContextShutdownHook] INFO  c.a.d.p.DruidDataSource - [close,2032] - {dataSource-1} closing ...
22:25:15.730 [SpringContextShutdownHook] INFO  c.a.d.p.DruidDataSource - [close,2104] - {dataSource-1} closed
22:25:19.980 [background-preinit] INFO  o.h.v.i.util.Version - [<clinit>,21] - HV000001: Hibernate Validator 6.1.6.Final
22:25:20.006 [restartedMain] INFO  c.r.c.CinemaManagerApplication - [logStarting,55] - Starting CinemaManagerApplication using Java 1.8.0_312 on LAPTOP-95OATB1R with PID 10168 (D:\HuaweiMoveData\Users\chen'j'h\Desktop\CinemaManager\CinemaManagerApi - idea\target\classes started by chen'j'h in D:\HuaweiMoveData\Users\chen'j'h\Desktop\CinemaManager\CinemaManagerApi - idea)
22:25:20.007 [restartedMain] INFO  c.r.c.CinemaManagerApplication - [logStartupProfileInfo,660] - No active profile set, falling back to default profiles: default
22:25:22.230 [restartedMain] INFO  o.a.c.h.Http11NioProtocol - [log,173] - Initializing ProtocolHandler ["http-nio-9231"]
22:25:22.231 [restartedMain] INFO  o.a.c.c.StandardService - [log,173] - Starting service [Tomcat]
22:25:22.231 [restartedMain] INFO  o.a.c.c.StandardEngine - [log,173] - Starting Servlet engine: [Apache Tomcat/9.0.39]
22:25:22.314 [restartedMain] INFO  o.a.c.c.C.[.[.[/] - [log,173] - Initializing Spring embedded WebApplicationContext
22:25:22.958 [restartedMain] INFO  c.a.d.p.DruidDataSource - [init,985] - {dataSource-1} inited
22:25:23.964 [restartedMain] INFO  o.q.i.StdSchedulerFactory - [instantiate,1220] - Using default implementation for ThreadExecutor
22:25:23.978 [restartedMain] INFO  o.q.c.SchedulerSignalerImpl - [<init>,61] - Initialized Scheduler Signaller of type: class org.quartz.core.SchedulerSignalerImpl
22:25:23.979 [restartedMain] INFO  o.q.c.QuartzScheduler - [<init>,229] - Quartz Scheduler v.2.3.2 created.
22:25:23.980 [restartedMain] INFO  o.q.s.RAMJobStore - [initialize,155] - RAMJobStore initialized.
22:25:23.982 [restartedMain] INFO  o.q.c.QuartzScheduler - [initialize,294] - Scheduler meta-data: Quartz Scheduler (v2.3.2) 'quartzScheduler' with instanceId 'NON_CLUSTERED'
  Scheduler class: 'org.quartz.core.QuartzScheduler' - running locally.
  NOT STARTED.
  Currently in standby mode.
  Number of jobs executed: 0
  Using thread pool 'org.quartz.simpl.SimpleThreadPool' - with 10 threads.
  Using job-store 'org.quartz.simpl.RAMJobStore' - which does not support persistence. and is not clustered.

22:25:23.982 [restartedMain] INFO  o.q.i.StdSchedulerFactory - [instantiate,1374] - Quartz scheduler 'quartzScheduler' initialized from an externally provided properties instance.
22:25:23.983 [restartedMain] INFO  o.q.i.StdSchedulerFactory - [instantiate,1378] - Quartz scheduler version: 2.3.2
22:25:23.983 [restartedMain] INFO  o.q.c.QuartzScheduler - [setJobFactory,2293] - JobFactory set to: org.springframework.scheduling.quartz.SpringBeanJobFactory@32008871
22:25:24.142 [restartedMain] INFO  o.a.c.h.Http11NioProtocol - [log,173] - Starting ProtocolHandler ["http-nio-9231"]
22:25:24.169 [restartedMain] INFO  o.q.c.QuartzScheduler - [start,547] - Scheduler quartzScheduler_$_NON_CLUSTERED started.
22:25:24.188 [restartedMain] INFO  c.r.c.CinemaManagerApplication - [logStarted,61] - Started CinemaManagerApplication in 4.833 seconds (JVM running for 6.178)
22:25:26.724 [http-nio-9231-exec-1] INFO  o.a.c.c.C.[.[.[/] - [log,173] - Initializing Spring DispatcherServlet 'dispatcherServlet'
22:25:35.192 [http-nio-9231-exec-4] INFO  c.r.c.c.u.JwtUtil - [verify,39] - 登录验证成功!
22:25:35.444 [http-nio-9231-exec-1] INFO  c.r.c.c.u.JwtUtil - [verify,39] - 登录验证成功!
22:25:35.451 [http-nio-9231-exec-8] INFO  c.r.c.c.u.JwtUtil - [verify,39] - 登录验证成功!
22:25:37.712 [http-nio-9231-exec-6] INFO  c.r.c.c.u.JwtUtil - [verify,39] - 登录验证成功!
22:25:38.740 [http-nio-9231-exec-7] INFO  c.r.c.c.u.JwtUtil - [verify,39] - 登录验证成功!
22:30:40.903 [http-nio-9231-exec-1] INFO  c.r.c.c.u.JwtUtil - [verify,39] - 登录验证成功!
22:34:10.134 [http-nio-9231-exec-4] INFO  c.r.c.c.u.JwtUtil - [verify,39] - 登录验证成功!
22:34:10.144 [http-nio-9231-exec-2] INFO  c.r.c.c.u.JwtUtil - [verify,39] - 登录验证成功!
23:41:24.968 [SpringContextShutdownHook] INFO  o.q.c.QuartzScheduler - [standby,585] - Scheduler quartzScheduler_$_NON_CLUSTERED paused.
23:41:25.201 [SpringContextShutdownHook] INFO  o.q.c.QuartzScheduler - [shutdown,666] - Scheduler quartzScheduler_$_NON_CLUSTERED shutting down.
23:41:25.201 [SpringContextShutdownHook] INFO  o.q.c.QuartzScheduler - [standby,585] - Scheduler quartzScheduler_$_NON_CLUSTERED paused.
23:41:25.201 [SpringContextShutdownHook] INFO  o.q.c.QuartzScheduler - [shutdown,740] - Scheduler quartzScheduler_$_NON_CLUSTERED shutdown complete.
23:41:25.205 [SpringContextShutdownHook] INFO  c.a.d.p.DruidDataSource - [close,2032] - {dataSource-1} closing ...
23:41:25.208 [SpringContextShutdownHook] INFO  c.a.d.p.DruidDataSource - [close,2104] - {dataSource-1} closed
